<?xml version="1.0" encoding="UTF-8"?>
<testng-results ignored="1" total="9" passed="8" failed="0" skipped="0">
  <reporter-output>
  </reporter-output>
  <suite started-at="2023-01-20T16:29:37 EET" name="RegressionSuite" finished-at="2023-01-20T16:29:37 EET" duration-ms="74">
    <groups>
    </groups>
    <test started-at="2023-01-20T16:29:37 EET" name="Calculator Test" finished-at="2023-01-20T16:29:37 EET" duration-ms="44">
      <class name="org.internship.CalculatorTest">
        <test-method is-config="true" signature="setUp()[pri:0, instance:org.internship.CalculatorTest@7d3a22a9]" started-at="2023-01-20T16:29:37 EET" name="setUp" finished-at="2023-01-20T16:29:37 EET" duration-ms="6" status="PASS">
          <reporter-output>
          </reporter-output>
        </test-method> <!-- setUp -->
        <test-method signature="testCalculator(int,int,int)[pri:0, instance:org.internship.CalculatorTest@7d3a22a9]" started-at="2023-01-20T16:29:37 EET" name="testCalculator" data-provider="test1" finished-at="2023-01-20T16:29:37 EET" duration-ms="3" status="PASS">
          <params>
            <param index="0">
              <value>
                <![CDATA[2]]>
              </value>
            </param>
            <param index="1">
              <value>
                <![CDATA[8]]>
              </value>
            </param>
            <param index="2">
              <value>
                <![CDATA[10]]>
              </value>
            </param>
          </params>
          <reporter-output>
          </reporter-output>
        </test-method> <!-- testCalculator -->
        <test-method is-config="true" signature="setUp()[pri:0, instance:org.internship.CalculatorTest@7d3a22a9]" started-at="2023-01-20T16:29:37 EET" name="setUp" finished-at="2023-01-20T16:29:37 EET" duration-ms="2" status="PASS">
          <reporter-output>
          </reporter-output>
        </test-method> <!-- setUp -->
        <test-method signature="testCalculator(int,int,int)[pri:0, instance:org.internship.CalculatorTest@7d3a22a9]" started-at="2023-01-20T16:29:37 EET" name="testCalculator" data-provider="test1" finished-at="2023-01-20T16:29:37 EET" duration-ms="0" status="PASS">
          <params>
            <param index="0">
              <value>
                <![CDATA[-2]]>
              </value>
            </param>
            <param index="1">
              <value>
                <![CDATA[-4]]>
              </value>
            </param>
            <param index="2">
              <value>
                <![CDATA[-6]]>
              </value>
            </param>
          </params>
          <reporter-output>
          </reporter-output>
        </test-method> <!-- testCalculator -->
        <test-method is-config="true" signature="setUp()[pri:0, instance:org.internship.CalculatorTest@7d3a22a9]" started-at="2023-01-20T16:29:37 EET" name="setUp" finished-at="2023-01-20T16:29:37 EET" duration-ms="1" status="PASS">
          <reporter-output>
          </reporter-output>
        </test-method> <!-- setUp -->
        <test-method signature="testCalculator(int,int,int)[pri:0, instance:org.internship.CalculatorTest@7d3a22a9]" started-at="2023-01-20T16:29:37 EET" name="testCalculator" data-provider="test1" finished-at="2023-01-20T16:29:37 EET" duration-ms="1" status="PASS">
          <params>
            <param index="0">
              <value>
                <![CDATA[0]]>
              </value>
            </param>
            <param index="1">
              <value>
                <![CDATA[0]]>
              </value>
            </param>
            <param index="2">
              <value>
                <![CDATA[0]]>
              </value>
            </param>
          </params>
          <reporter-output>
          </reporter-output>
        </test-method> <!-- testCalculator -->
        <test-method signature="testCalculator(int,int,int)[pri:0, instance:org.internship.CalculatorTest@7d3a22a9]" started-at="2023-01-20T16:29:37 EET" name="testCalculator" data-provider="test1" finished-at="2023-01-20T16:29:37 EET" duration-ms="0" status="PASS">
          <params>
            <param index="0">
              <value>
                <![CDATA[-3]]>
              </value>
            </param>
            <param index="1">
              <value>
                <![CDATA[2]]>
              </value>
            </param>
            <param index="2">
              <value>
                <![CDATA[-1]]>
              </value>
            </param>
          </params>
          <reporter-output>
          </reporter-output>
        </test-method> <!-- testCalculator -->
        <test-method is-config="true" signature="setUp()[pri:0, instance:org.internship.CalculatorTest@7d3a22a9]" started-at="2023-01-20T16:29:37 EET" name="setUp" finished-at="2023-01-20T16:29:37 EET" duration-ms="0" status="PASS">
          <reporter-output>
          </reporter-output>
        </test-method> <!-- setUp -->
        <test-method signature="testCalculator(int,int,int)[pri:0, instance:org.internship.CalculatorTest@7d3a22a9]" started-at="2023-01-20T16:29:37 EET" name="testCalculator" data-provider="test1" finished-at="2023-01-20T16:29:37 EET" duration-ms="0" status="PASS">
          <params>
            <param index="0">
              <value>
                <![CDATA[1]]>
              </value>
            </param>
            <param index="1">
              <value>
                <![CDATA[0]]>
              </value>
            </param>
            <param index="2">
              <value>
                <![CDATA[1]]>
              </value>
            </param>
          </params>
          <reporter-output>
          </reporter-output>
        </test-method> <!-- testCalculator -->
        <test-method is-config="true" signature="setUp()[pri:0, instance:org.internship.CalculatorTest@7d3a22a9]" started-at="2023-01-20T16:29:37 EET" name="setUp" finished-at="2023-01-20T16:29:37 EET" duration-ms="1" status="PASS">
          <reporter-output>
          </reporter-output>
        </test-method> <!-- setUp -->
        <test-method is-config="true" signature="setUp()[pri:0, instance:org.internship.CalculatorTest@7d3a22a9]" started-at="2023-01-20T16:29:37 EET" name="setUp" finished-at="2023-01-20T16:29:37 EET" duration-ms="0" status="PASS">
          <reporter-output>
          </reporter-output>
        </test-method> <!-- setUp -->
        <test-method signature="testCalculator(int,int,int)[pri:0, instance:org.internship.CalculatorTest@7d3a22a9]" started-at="2023-01-20T16:29:37 EET" name="testCalculator" data-provider="test1" finished-at="2023-01-20T16:29:37 EET" duration-ms="0" status="PASS">
          <params>
            <param index="0">
              <value>
                <![CDATA[-2]]>
              </value>
            </param>
            <param index="1">
              <value>
                <![CDATA[0]]>
              </value>
            </param>
            <param index="2">
              <value>
                <![CDATA[-2]]>
              </value>
            </param>
          </params>
          <reporter-output>
          </reporter-output>
        </test-method> <!-- testCalculator -->
      </class> <!-- org.internship.CalculatorTest -->
    </test> <!-- Calculator Test -->
    <test started-at="2023-01-20T16:29:37 EET" name="Login Test" finished-at="2023-01-20T16:29:37 EET" duration-ms="4">
      <class name="org.internship.LoginTest">
        <test-method is-config="true" signature="setUp()[pri:0, instance:org.internship.LoginTest@96def03]" started-at="2023-01-20T16:29:37 EET" name="setUp" finished-at="2023-01-20T16:29:37 EET" duration-ms="1" status="PASS">
          <reporter-output>
          </reporter-output>
        </test-method> <!-- setUp -->
        <test-method signature="testLoginPassword(java.lang.String,java.lang.String)[pri:0, instance:org.internship.LoginTest@96def03]" started-at="2023-01-20T16:29:37 EET" name="testLoginPassword" data-provider="test_password" finished-at="2023-01-20T16:29:37 EET" duration-ms="0" status="PASS">
          <params>
            <param index="0">
              <value>
                <![CDATA[012345678912]]>
              </value>
            </param>
            <param index="1">
              <value>
                <![CDATA[The password was set correctly.]]>
              </value>
            </param>
          </params>
          <reporter-output>
          </reporter-output>
        </test-method> <!-- testLoginPassword -->
        <test-method signature="testLoginPassword(java.lang.String,java.lang.String)[pri:0, instance:org.internship.LoginTest@96def03]" started-at="2023-01-20T16:29:37 EET" name="testLoginPassword" data-provider="test_password" finished-at="2023-01-20T16:29:37 EET" duration-ms="0" status="PASS">
          <params>
            <param index="0">
              <value>
                <![CDATA[something12]]>
              </value>
            </param>
            <param index="1">
              <value>
                <![CDATA[The password need to have 12 or more characters.]]>
              </value>
            </param>
          </params>
          <reporter-output>
          </reporter-output>
        </test-method> <!-- testLoginPassword -->
        <test-method is-config="true" signature="setUp()[pri:0, instance:org.internship.LoginTest@96def03]" started-at="2023-01-20T16:29:37 EET" name="setUp" finished-at="2023-01-20T16:29:37 EET" duration-ms="0" status="PASS">
          <reporter-output>
          </reporter-output>
        </test-method> <!-- setUp -->
      </class> <!-- org.internship.LoginTest -->
    </test> <!-- Login Test -->
  </suite> <!-- RegressionSuite -->
</testng-results>
