<?xml version="1.0" encoding="UTF-8"?>
<testsuite xmlns:xsi="http://www.w3.org/2001/XMLSchema-instance" xsi:noNamespaceSchemaLocation="https://maven.apache.org/surefire/maven-surefire-plugin/xsd/surefire-test-report.xsd" name="TestSuite" time="1.236" tests="10" errors="0" skipped="0" failures="0">
  <properties>
[...]
</properties>
  <testcase name="testCalculator" classname="org.internship.CalculatorTest" time="0.007"/>
  <testcase name="testCalculator" classname="org.internship.CalculatorTest" time="0"/>
  <testcase name="testCalculator" classname="org.internship.CalculatorTest" time="0"/>
  <testcase name="testCalculator" classname="org.internship.CalculatorTest" time="0"/>
  <testcase name="testCalculator" classname="org.internship.CalculatorTest" time="0"/>
  <testcase name="testCalculator" classname="org.internship.CalculatorTest" time="0"/>
  <testcase name="testLoginPassword" classname="org.internship.LoginTest" time="0"/>
  <testcase name="testLoginPassword" classname="org.internship.LoginTest" time="0.001"/>
  <testcase name="testLoginUsername" classname="org.internship.LoginTest" time="0"/>
  <testcase name="testLoginUsername" classname="org.internship.LoginTest" time="0"/>
</testsuite>