<?xml version="1.0" encoding="UTF-8"?>
<testsuite xmlns:xsi="http://www.w3.org/2001/XMLSchema-instance" xsi:noNamespaceSchemaLocation="https://maven.apache.org/surefire/maven-surefire-plugin/xsd/surefire-test-report.xsd" name="TestSuite" time="0.672" tests="21" errors="0" skipped="0" failures="6">
  <properties>
[...]
</properties>
  <testcase name="testCalculator" classname="org.internship.CalculatorTest" time="0.006"/>
  <testcase name="testCalculator" classname="org.internship.CalculatorTest" time="0"/>
  <testcase name="testCalculator" classname="org.internship.CalculatorTest" time="0.001"/>
  <testcase name="testCalculator" classname="org.internship.CalculatorTest" time="0"/>
  <testcase name="testCalculator" classname="org.internship.CalculatorTest" time="0"/>
  <testcase name="testCalculator" classname="org.internship.CalculatorTest" time="0"/>
  <testcase name="testCalculatorSoftAssert" classname="org.internship.CalculatorTest" time="0.016">
    <failure message="The following asserts failed:&#10;	Intentionally failed! expected [true] but found [false]" type="java.lang.AssertionError">java.lang.AssertionError: 
The following asserts failed:
	Intentionally failed! expected [true] but found [false]
	at org.internship.CalculatorTest.testCalculatorSoftAssert(CalculatorTest.java:48)
</failure>
    <system-out><![CDATA[Now we make tear down for method testCalculator
Make setUp for CalculatorTest methods
]]></system-out>
  </testcase>
  <testcase name="testCalculatorSoftAssert" classname="org.internship.CalculatorTest" time="0">
    <failure message="The following asserts failed:&#10;	Intentionally failed! expected [true] but found [false]" type="java.lang.AssertionError">java.lang.AssertionError: 
The following asserts failed:
	Intentionally failed! expected [true] but found [false]
	at org.internship.CalculatorTest.testCalculatorSoftAssert(CalculatorTest.java:48)
</failure>
    <system-out><![CDATA[Now we make tear down for method testCalculator
Make setUp for CalculatorTest methods
]]></system-out>
  </testcase>
  <testcase name="testCalculatorSoftAssert" classname="org.internship.CalculatorTest" time="0">
    <failure message="The following asserts failed:&#10;	Intentionally failed! expected [true] but found [false]" type="java.lang.AssertionError">java.lang.AssertionError: 
The following asserts failed:
	Intentionally failed! expected [true] but found [false]
	at org.internship.CalculatorTest.testCalculatorSoftAssert(CalculatorTest.java:48)
</failure>
    <system-out><![CDATA[Now we make tear down for method testCalculator
Make setUp for CalculatorTest methods
]]></system-out>
  </testcase>
  <testcase name="testCalculatorSoftAssert" classname="org.internship.CalculatorTest" time="0.001">
    <failure message="The following asserts failed:&#10;	Intentionally failed! expected [true] but found [false]" type="java.lang.AssertionError">java.lang.AssertionError: 
The following asserts failed:
	Intentionally failed! expected [true] but found [false]
	at org.internship.CalculatorTest.testCalculatorSoftAssert(CalculatorTest.java:48)
</failure>
    <system-out><![CDATA[Now we make tear down for method testCalculator
Make setUp for CalculatorTest methods
]]></system-out>
  </testcase>
  <testcase name="testCalculatorSoftAssert" classname="org.internship.CalculatorTest" time="0.001">
    <failure message="The following asserts failed:&#10;	Intentionally failed! expected [true] but found [false]" type="java.lang.AssertionError">java.lang.AssertionError: 
The following asserts failed:
	Intentionally failed! expected [true] but found [false]
	at org.internship.CalculatorTest.testCalculatorSoftAssert(CalculatorTest.java:48)
</failure>
    <system-out><![CDATA[Now we make tear down for method testCalculator
Make setUp for CalculatorTest methods
]]></system-out>
  </testcase>
  <testcase name="testCalculatorSoftAssert" classname="org.internship.CalculatorTest" time="0">
    <failure message="The following asserts failed:&#10;	Intentionally failed! expected [true] but found [false]" type="java.lang.AssertionError">java.lang.AssertionError: 
The following asserts failed:
	Intentionally failed! expected [true] but found [false]
	at org.internship.CalculatorTest.testCalculatorSoftAssert(CalculatorTest.java:48)
</failure>
    <system-out><![CDATA[Now we make tear down for method testCalculator
Make setUp for CalculatorTest methods
]]></system-out>
  </testcase>
  <testcase name="testCalculatorWithPrivate" classname="org.internship.CalculatorTest" time="0.001"/>
  <testcase name="testLoginUsername" classname="org.internship.LoginTest" time="0"/>
  <testcase name="testLoginUsername" classname="org.internship.LoginTest" time="0.001"/>
  <testcase name="testLoginPassword" classname="org.internship.LoginTest" time="0"/>
  <testcase name="testLoginPassword" classname="org.internship.LoginTest" time="0"/>
  <testcase name="testLoginPassword" classname="org.internship.LoginTest" time="0"/>
  <testcase name="testLoginPassword" classname="org.internship.LoginTest" time="0"/>
  <testcase name="testLoginPassword" classname="org.internship.LoginTest" time="0.001"/>
  <testcase name="testLoginPassword" classname="org.internship.LoginTest" time="0"/>
</testsuite>