<?xml version="1.0" encoding="UTF-8"?>
<testng-results ignored="0" total="10" passed="10" failed="0" skipped="0">
  <reporter-output>
  </reporter-output>
  <suite started-at="2023-01-20T12:45:32 EET" name="RegressionSuite" finished-at="2023-01-20T12:45:32 EET" duration-ms="99">
    <groups>
    </groups>
    <test started-at="2023-01-20T12:45:32 EET" name="RegressionTest" finished-at="2023-01-20T12:45:32 EET" duration-ms="99">
      <class name="org.internship.CalculatorTest">
        <test-method is-config="true" signature="setUp()[pri:0, instance:org.internship.CalculatorTest@33990a0c]" started-at="2023-01-20T12:45:32 EET" name="setUp" finished-at="2023-01-20T12:45:32 EET" duration-ms="8" status="PASS">
          <reporter-output>
          </reporter-output>
        </test-method> <!-- setUp -->
        <test-method signature="testCalculator(int,int,int)[pri:0, instance:org.internship.CalculatorTest@33990a0c]" started-at="2023-01-20T12:45:32 EET" name="testCalculator" data-provider="test1" finished-at="2023-01-20T12:45:32 EET" duration-ms="5" status="PASS">
          <params>
            <param index="0">
              <value>
                <![CDATA[2]]>
              </value>
            </param>
            <param index="1">
              <value>
                <![CDATA[8]]>
              </value>
            </param>
            <param index="2">
              <value>
                <![CDATA[10]]>
              </value>
            </param>
          </params>
          <reporter-output>
          </reporter-output>
        </test-method> <!-- testCalculator -->
        <test-method is-config="true" signature="setUp()[pri:0, instance:org.internship.CalculatorTest@33990a0c]" started-at="2023-01-20T12:45:32 EET" name="setUp" finished-at="2023-01-20T12:45:32 EET" duration-ms="1" status="PASS">
          <reporter-output>
          </reporter-output>
        </test-method> <!-- setUp -->
        <test-method signature="testCalculator(int,int,int)[pri:0, instance:org.internship.CalculatorTest@33990a0c]" started-at="2023-01-20T12:45:32 EET" name="testCalculator" data-provider="test1" finished-at="2023-01-20T12:45:32 EET" duration-ms="0" status="PASS">
          <params>
            <param index="0">
              <value>
                <![CDATA[-2]]>
              </value>
            </param>
            <param index="1">
              <value>
                <![CDATA[-4]]>
              </value>
            </param>
            <param index="2">
              <value>
                <![CDATA[-6]]>
              </value>
            </param>
          </params>
          <reporter-output>
          </reporter-output>
        </test-method> <!-- testCalculator -->
        <test-method signature="testCalculator(int,int,int)[pri:0, instance:org.internship.CalculatorTest@33990a0c]" started-at="2023-01-20T12:45:32 EET" name="testCalculator" data-provider="test1" finished-at="2023-01-20T12:45:32 EET" duration-ms="1" status="PASS">
          <params>
            <param index="0">
              <value>
                <![CDATA[-3]]>
              </value>
            </param>
            <param index="1">
              <value>
                <![CDATA[2]]>
              </value>
            </param>
            <param index="2">
              <value>
                <![CDATA[-1]]>
              </value>
            </param>
          </params>
          <reporter-output>
          </reporter-output>
        </test-method> <!-- testCalculator -->
        <test-method is-config="true" signature="setUp()[pri:0, instance:org.internship.CalculatorTest@33990a0c]" started-at="2023-01-20T12:45:32 EET" name="setUp" finished-at="2023-01-20T12:45:32 EET" duration-ms="0" status="PASS">
          <reporter-output>
          </reporter-output>
        </test-method> <!-- setUp -->
        <test-method is-config="true" signature="setUp()[pri:0, instance:org.internship.CalculatorTest@33990a0c]" started-at="2023-01-20T12:45:32 EET" name="setUp" finished-at="2023-01-20T12:45:32 EET" duration-ms="1" status="PASS">
          <reporter-output>
          </reporter-output>
        </test-method> <!-- setUp -->
        <test-method signature="testCalculator(int,int,int)[pri:0, instance:org.internship.CalculatorTest@33990a0c]" started-at="2023-01-20T12:45:32 EET" name="testCalculator" data-provider="test1" finished-at="2023-01-20T12:45:32 EET" duration-ms="0" status="PASS">
          <params>
            <param index="0">
              <value>
                <![CDATA[0]]>
              </value>
            </param>
            <param index="1">
              <value>
                <![CDATA[0]]>
              </value>
            </param>
            <param index="2">
              <value>
                <![CDATA[0]]>
              </value>
            </param>
          </params>
          <reporter-output>
          </reporter-output>
        </test-method> <!-- testCalculator -->
        <test-method is-config="true" signature="setUp()[pri:0, instance:org.internship.CalculatorTest@33990a0c]" started-at="2023-01-20T12:45:32 EET" name="setUp" finished-at="2023-01-20T12:45:32 EET" duration-ms="1" status="PASS">
          <reporter-output>
          </reporter-output>
        </test-method> <!-- setUp -->
        <test-method signature="testCalculator(int,int,int)[pri:0, instance:org.internship.CalculatorTest@33990a0c]" started-at="2023-01-20T12:45:32 EET" name="testCalculator" data-provider="test1" finished-at="2023-01-20T12:45:32 EET" duration-ms="0" status="PASS">
          <params>
            <param index="0">
              <value>
                <![CDATA[1]]>
              </value>
            </param>
            <param index="1">
              <value>
                <![CDATA[0]]>
              </value>
            </param>
            <param index="2">
              <value>
                <![CDATA[1]]>
              </value>
            </param>
          </params>
          <reporter-output>
          </reporter-output>
        </test-method> <!-- testCalculator -->
        <test-method signature="testCalculator(int,int,int)[pri:0, instance:org.internship.CalculatorTest@33990a0c]" started-at="2023-01-20T12:45:32 EET" name="testCalculator" data-provider="test1" finished-at="2023-01-20T12:45:32 EET" duration-ms="0" status="PASS">
          <params>
            <param index="0">
              <value>
                <![CDATA[-2]]>
              </value>
            </param>
            <param index="1">
              <value>
                <![CDATA[0]]>
              </value>
            </param>
            <param index="2">
              <value>
                <![CDATA[-2]]>
              </value>
            </param>
          </params>
          <reporter-output>
          </reporter-output>
        </test-method> <!-- testCalculator -->
        <test-method is-config="true" signature="setUp()[pri:0, instance:org.internship.CalculatorTest@33990a0c]" started-at="2023-01-20T12:45:32 EET" name="setUp" finished-at="2023-01-20T12:45:32 EET" duration-ms="0" status="PASS">
          <reporter-output>
          </reporter-output>
        </test-method> <!-- setUp -->
      </class> <!-- org.internship.CalculatorTest -->
      <class name="org.internship.LoginTest">
        <test-method signature="testLoginPassword(java.lang.String,java.lang.String)[pri:0, instance:org.internship.LoginTest@1a18644]" started-at="2023-01-20T12:45:32 EET" name="testLoginPassword" data-provider="test_password" finished-at="2023-01-20T12:45:32 EET" duration-ms="1" status="PASS">
          <params>
            <param index="0">
              <value>
                <![CDATA[012345678912]]>
              </value>
            </param>
            <param index="1">
              <value>
                <![CDATA[The password was set correctly.]]>
              </value>
            </param>
          </params>
          <reporter-output>
          </reporter-output>
        </test-method> <!-- testLoginPassword -->
        <test-method is-config="true" signature="setUp()[pri:0, instance:org.internship.LoginTest@1a18644]" started-at="2023-01-20T12:45:32 EET" name="setUp" finished-at="2023-01-20T12:45:32 EET" duration-ms="0" status="PASS">
          <reporter-output>
          </reporter-output>
        </test-method> <!-- setUp -->
        <test-method signature="testLoginPassword(java.lang.String,java.lang.String)[pri:0, instance:org.internship.LoginTest@1a18644]" started-at="2023-01-20T12:45:32 EET" name="testLoginPassword" data-provider="test_password" finished-at="2023-01-20T12:45:32 EET" duration-ms="0" status="PASS">
          <params>
            <param index="0">
              <value>
                <![CDATA[something12]]>
              </value>
            </param>
            <param index="1">
              <value>
                <![CDATA[The password need to have 12 or more characters.]]>
              </value>
            </param>
          </params>
          <reporter-output>
          </reporter-output>
        </test-method> <!-- testLoginPassword -->
        <test-method is-config="true" signature="setUp()[pri:0, instance:org.internship.LoginTest@1a18644]" started-at="2023-01-20T12:45:32 EET" name="setUp" finished-at="2023-01-20T12:45:32 EET" duration-ms="0" status="PASS">
          <reporter-output>
          </reporter-output>
        </test-method> <!-- setUp -->
        <test-method signature="testLoginUsername(java.lang.String,java.lang.String)[pri:0, instance:org.internship.LoginTest@1a18644]" started-at="2023-01-20T12:45:32 EET" name="testLoginUsername" data-provider="test_username" finished-at="2023-01-20T12:45:32 EET" duration-ms="1" status="PASS">
          <params>
            <param index="0">
              <value>
                <![CDATA[adrian_macovei]]>
              </value>
            </param>
            <param index="1">
              <value>
                <![CDATA[The username was set correctly.]]>
              </value>
            </param>
          </params>
          <reporter-output>
          </reporter-output>
        </test-method> <!-- testLoginUsername -->
        <test-method is-config="true" signature="setUp()[pri:0, instance:org.internship.LoginTest@1a18644]" started-at="2023-01-20T12:45:32 EET" name="setUp" finished-at="2023-01-20T12:45:32 EET" duration-ms="0" status="PASS">
          <reporter-output>
          </reporter-output>
        </test-method> <!-- setUp -->
        <test-method signature="testLoginUsername(java.lang.String,java.lang.String)[pri:0, instance:org.internship.LoginTest@1a18644]" started-at="2023-01-20T12:45:32 EET" name="testLoginUsername" data-provider="test_username" finished-at="2023-01-20T12:45:32 EET" duration-ms="0" status="PASS">
          <params>
            <param index="0">
              <value>
                <![CDATA[adrianm]]>
              </value>
            </param>
            <param index="1">
              <value>
                <![CDATA[The username need to have 8 or more characters.]]>
              </value>
            </param>
          </params>
          <reporter-output>
          </reporter-output>
        </test-method> <!-- testLoginUsername -->
        <test-method is-config="true" signature="setUp()[pri:0, instance:org.internship.LoginTest@1a18644]" started-at="2023-01-20T12:45:32 EET" name="setUp" finished-at="2023-01-20T12:45:32 EET" duration-ms="0" status="PASS">
          <reporter-output>
          </reporter-output>
        </test-method> <!-- setUp -->
      </class> <!-- org.internship.LoginTest -->
    </test> <!-- RegressionTest -->
  </suite> <!-- RegressionSuite -->
</testng-results>
