<?xml version="1.0" encoding="UTF-8"?>
<!-- Generated by org.testng.reporters.JUnitXMLReporter -->
<testsuite ignored="0" hostname="DESKTOP-G8DF7AO" failures="0" tests="6" name="Calculator Test" time="0.058" errors="0" timestamp="2023-01-21T23:03:09 EET">
  <testcase classname="org.internship.CalculatorTest" name="testCalculator" time="0.006"/>
  <testcase classname="org.internship.CalculatorTest" name="testCalculator" time="0.001"/>
  <testcase classname="org.internship.CalculatorTest" name="testCalculator" time="0.0"/>
  <testcase classname="org.internship.CalculatorTest" name="testCalculator" time="0.0"/>
  <testcase classname="org.internship.CalculatorTest" name="testCalculator" time="0.001"/>
  <testcase classname="org.internship.CalculatorTest" name="testCalculator" time="0.0"/>
</testsuite> <!-- Calculator Test -->
