<?xml version="1.0" encoding="UTF-8"?>
<!-- Generated by org.testng.reporters.JUnitXMLReporter -->
<testsuite ignored="1" hostname="L3700100797" failures="0" tests="13" name="Calculator_Test" time="0.145" errors="0" timestamp="2023-01-25T11:12:38 EET">
  <testcase classname="org.internship.CalculatorTest" name="testCalculator" time="0.009"/>
  <testcase classname="org.internship.CalculatorTest" name="testCalculator" time="0.002"/>
  <testcase classname="org.internship.CalculatorTest" name="testCalculator" time="0.001"/>
  <testcase classname="org.internship.CalculatorTest" name="testCalculator" time="0.002"/>
  <testcase classname="org.internship.CalculatorTest" name="testCalculator" time="0.002"/>
  <testcase classname="org.internship.CalculatorTest" name="testCalculator" time="0.002"/>
  <testcase classname="org.internship.CalculatorTest" name="testCalculatorSoftAssert" time="0.014"/>
  <testcase classname="org.internship.CalculatorTest" name="testCalculatorSoftAssert" time="0.002"/>
  <testcase classname="org.internship.CalculatorTest" name="testCalculatorSoftAssert" time="0.003"/>
  <testcase classname="org.internship.CalculatorTest" name="testCalculatorSoftAssert" time="0.002"/>
  <testcase classname="org.internship.CalculatorTest" name="testCalculatorSoftAssert" time="0.002"/>
  <testcase classname="org.internship.CalculatorTest" name="testCalculatorSoftAssert" time="0.002"/>
  <testcase classname="org.internship.CalculatorTest" name="testCalculatorWithPrivate" time="0.0"/>
  <testcase classname="org.internship.CalculatorTest" name="testEnableFalse" time="0.0">
    <ignored/>
  </testcase> <!-- testEnableFalse -->
</testsuite> <!-- Calculator_Test -->
