<?xml version="1.0" encoding="UTF-8"?>
<!-- Generated by org.testng.reporters.JUnitXMLReporter -->
<testsuite ignored="0" hostname="L3700100797" failures="0" tests="8" name="Login_Test" time="0.104" errors="0" timestamp="2023-01-25T11:12:38 EET">
  <testcase classname="org.internship.LoginTest" name="testLoginUsername" time="0.005"/>
  <testcase classname="org.internship.LoginTest" name="testLoginUsername" time="0.0"/>
  <testcase classname="org.internship.LoginTest" name="testLoginPassword" time="0.001"/>
  <testcase classname="org.internship.LoginTest" name="testLoginPassword" time="0.001"/>
  <testcase classname="org.internship.LoginTest" name="testLoginPassword" time="0.0"/>
  <testcase classname="org.internship.LoginTest" name="testLoginPassword" time="0.0"/>
  <testcase classname="org.internship.LoginTest" name="testLoginPassword" time="0.0"/>
  <testcase classname="org.internship.LoginTest" name="testLoginPassword" time="0.0"/>
</testsuite> <!-- Login_Test -->
