<?xml version="1.0" encoding="UTF-8"?>
<!-- Generated by org.testng.reporters.JUnitXMLReporter -->
<testsuite ignored="0" hostname="DESKTOP-G8DF7AO" failures="0" tests="4" name="Login Test" time="0.014" errors="0" timestamp="2023-01-21T23:03:09 EET">
  <testcase classname="org.internship.LoginTest" name="testLoginUsername" time="0.0"/>
  <testcase classname="org.internship.LoginTest" name="testLoginUsername" time="0.001"/>
  <testcase classname="org.internship.LoginTest" name="testLoginPassword" time="0.0"/>
  <testcase classname="org.internship.LoginTest" name="testLoginPassword" time="0.0"/>
</testsuite> <!-- Login Test -->
