<?xml version="1.0" encoding="UTF-8"?>
<!-- Generated by org.testng.reporters.JUnitXMLReporter -->
<testsuite ignored="0" hostname="DESKTOP-G8DF7AO" failures="0" tests="8" name="Login Test" time="0.028" errors="0" timestamp="2023-01-22T21:12:37 EET">
  <testcase classname="org.internship.LoginTest" name="testLoginUsername" time="0.0"/>
  <testcase classname="org.internship.LoginTest" name="testLoginUsername" time="0.0"/>
  <testcase classname="org.internship.LoginTest" name="testLoginPassword" time="0.002"/>
  <testcase classname="org.internship.LoginTest" name="testLoginPassword" time="0.001"/>
  <testcase classname="org.internship.LoginTest" name="testLoginPassword" time="0.0"/>
  <testcase classname="org.internship.LoginTest" name="testLoginPassword" time="0.0"/>
  <testcase classname="org.internship.LoginTest" name="testLoginPassword" time="0.0"/>
  <testcase classname="org.internship.LoginTest" name="testLoginPassword" time="0.0"/>
</testsuite> <!-- Login Test -->
