<?xml version="1.0" encoding="UTF-8"?>
<!-- Generated by org.testng.reporters.JUnitXMLReporter -->
<testsuite ignored="0" hostname="L3700100797" failures="0" tests="10" name="RegressionTest" time="0.099" errors="0" timestamp="2023-01-20T12:45:32 EET">
  <testcase classname="org.internship.CalculatorTest" name="testCalculator" time="0.005"/>
  <testcase classname="org.internship.CalculatorTest" name="testCalculator" time="0.0"/>
  <testcase classname="org.internship.CalculatorTest" name="testCalculator" time="0.001"/>
  <testcase classname="org.internship.CalculatorTest" name="testCalculator" time="0.0"/>
  <testcase classname="org.internship.CalculatorTest" name="testCalculator" time="0.0"/>
  <testcase classname="org.internship.CalculatorTest" name="testCalculator" time="0.0"/>
  <testcase classname="org.internship.LoginTest" name="testLoginPassword" time="0.001"/>
  <testcase classname="org.internship.LoginTest" name="testLoginPassword" time="0.0"/>
  <testcase classname="org.internship.LoginTest" name="testLoginUsername" time="0.001"/>
  <testcase classname="org.internship.LoginTest" name="testLoginUsername" time="0.0"/>
</testsuite> <!-- RegressionTest -->
